::1 - - [20/Jul/2015:08:11:22 +0000] "GET /favicon.ico HTTP/1.1" 404 24 "-" "Mozilla/5.0 (Windows NT 6.1) AppleWebKit/537.36 (KHTML, like Gecko) Chrome/35.0.1916.114 Safari/537.36"
::1 - - [21/Jul/2015:09:35:00 +0000] "GET /favicon.ico HTTP/1.1" 404 24 "-" "Mozilla/5.0 (Windows NT 6.1) AppleWebKit/537.36 (KHTML, like Gecko) Chrome/35.0.1916.153 Safari/537.36 SE 2.X MetaSr 1.0"
::1 - - [21/Jul/2015:09:35:00 +0000] "GET /css/bootstrap.min.css HTTP/1.1" 404 34 "http://localhost:1337/command" "Mozilla/5.0 (Windows NT 6.1) AppleWebKit/537.36 (KHTML, like Gecko) Chrome/35.0.1916.153 Safari/537.36 SE 2.X MetaSr 1.0"
::1 - - [21/Jul/2015:09:35:00 +0000] "GET /js/jquery.js HTTP/1.1" 404 25 "http://localhost:1337/command" "Mozilla/5.0 (Windows NT 6.1) AppleWebKit/537.36 (KHTML, like Gecko) Chrome/35.0.1916.153 Safari/537.36 SE 2.X MetaSr 1.0"
::1 - - [21/Jul/2015:09:35:00 +0000] "GET /js/bootstrap.min.js HTTP/1.1" 404 32 "http://localhost:1337/command" "Mozilla/5.0 (Windows NT 6.1) AppleWebKit/537.36 (KHTML, like Gecko) Chrome/35.0.1916.153 Safari/537.36 SE 2.X MetaSr 1.0"
::1 - - [21/Jul/2015:09:35:31 +0000] "GET /css/bootstrap.min.css HTTP/1.1" 404 34 "http://localhost:1337/command?" "Mozilla/5.0 (Windows NT 6.1) AppleWebKit/537.36 (KHTML, like Gecko) Chrome/35.0.1916.153 Safari/537.36 SE 2.X MetaSr 1.0"
::1 - - [21/Jul/2015:09:35:31 +0000] "GET /js/jquery.js HTTP/1.1" 404 25 "http://localhost:1337/command?" "Mozilla/5.0 (Windows NT 6.1) AppleWebKit/537.36 (KHTML, like Gecko) Chrome/35.0.1916.153 Safari/537.36 SE 2.X MetaSr 1.0"
::1 - - [21/Jul/2015:09:35:31 +0000] "GET /js/bootstrap.min.js HTTP/1.1" 404 32 "http://localhost:1337/command?" "Mozilla/5.0 (Windows NT 6.1) AppleWebKit/537.36 (KHTML, like Gecko) Chrome/35.0.1916.153 Safari/537.36 SE 2.X MetaSr 1.0"
::1 - - [21/Jul/2015:09:38:38 +0000] "GET /favicon.ico HTTP/1.1" 404 24 "-" "Mozilla/5.0 (Windows NT 6.1) AppleWebKit/537.36 (KHTML, like Gecko) Chrome/35.0.1916.114 Safari/537.36"
::1 - - [21/Jul/2015:09:38:55 +0000] "GET /css/bootstrap.min.css HTTP/1.1" 200 122540 "http://localhost:1337/command" "Mozilla/5.0 (Windows NT 6.1) AppleWebKit/537.36 (KHTML, like Gecko) Chrome/35.0.1916.114 Safari/537.36"
::1 - - [21/Jul/2015:09:38:55 +0000] "GET /js/jquery.js HTTP/1.1" 200 247823 "http://localhost:1337/command" "Mozilla/5.0 (Windows NT 6.1) AppleWebKit/537.36 (KHTML, like Gecko) Chrome/35.0.1916.114 Safari/537.36"
::1 - - [21/Jul/2015:09:38:55 +0000] "GET /js/bootstrap.min.js HTTP/1.1" 200 36816 "http://localhost:1337/command" "Mozilla/5.0 (Windows NT 6.1) AppleWebKit/537.36 (KHTML, like Gecko) Chrome/35.0.1916.114 Safari/537.36"
::1 - - [21/Jul/2015:09:39:09 +0000] "GET /css/bootstrap.min.css HTTP/1.1" 304 - "http://localhost:1337/command?" "Mozilla/5.0 (Windows NT 6.1) AppleWebKit/537.36 (KHTML, like Gecko) Chrome/35.0.1916.114 Safari/537.36"
::1 - - [21/Jul/2015:09:39:09 +0000] "GET /js/jquery.js HTTP/1.1" 304 - "http://localhost:1337/command?" "Mozilla/5.0 (Windows NT 6.1) AppleWebKit/537.36 (KHTML, like Gecko) Chrome/35.0.1916.114 Safari/537.36"
::1 - - [21/Jul/2015:09:39:09 +0000] "GET /js/bootstrap.min.js HTTP/1.1" 304 - "http://localhost:1337/command?" "Mozilla/5.0 (Windows NT 6.1) AppleWebKit/537.36 (KHTML, like Gecko) Chrome/35.0.1916.114 Safari/537.36"
::1 - - [21/Jul/2015:09:43:43 +0000] "GET /css/bootstrap.min.css HTTP/1.1" 304 - "http://localhost:1337/command?" "Mozilla/5.0 (Windows NT 6.1) AppleWebKit/537.36 (KHTML, like Gecko) Chrome/35.0.1916.114 Safari/537.36"
::1 - - [21/Jul/2015:09:43:43 +0000] "GET /js/jquery.js HTTP/1.1" 304 - "http://localhost:1337/command?" "Mozilla/5.0 (Windows NT 6.1) AppleWebKit/537.36 (KHTML, like Gecko) Chrome/35.0.1916.114 Safari/537.36"
::1 - - [21/Jul/2015:09:43:43 +0000] "GET /js/bootstrap.min.js HTTP/1.1" 304 - "http://localhost:1337/command?" "Mozilla/5.0 (Windows NT 6.1) AppleWebKit/537.36 (KHTML, like Gecko) Chrome/35.0.1916.114 Safari/537.36"
::1 - - [21/Jul/2015:09:45:21 +0000] "GET /favicon.ico HTTP/1.1" 404 24 "-" "Mozilla/5.0 (Windows NT 6.1) AppleWebKit/537.36 (KHTML, like Gecko) Chrome/35.0.1916.114 Safari/537.36"
::1 - - [21/Jul/2015:09:45:33 +0000] "GET /css/bootstrap.min.css HTTP/1.1" 304 - "http://localhost:1337/command" "Mozilla/5.0 (Windows NT 6.1) AppleWebKit/537.36 (KHTML, like Gecko) Chrome/35.0.1916.114 Safari/537.36"
::1 - - [21/Jul/2015:09:45:33 +0000] "GET /js/jquery.js HTTP/1.1" 304 - "http://localhost:1337/command" "Mozilla/5.0 (Windows NT 6.1) AppleWebKit/537.36 (KHTML, like Gecko) Chrome/35.0.1916.114 Safari/537.36"
::1 - - [21/Jul/2015:09:45:33 +0000] "GET /js/bootstrap.min.js HTTP/1.1" 304 - "http://localhost:1337/command" "Mozilla/5.0 (Windows NT 6.1) AppleWebKit/537.36 (KHTML, like Gecko) Chrome/35.0.1916.114 Safari/537.36"
::1 - - [21/Jul/2015:09:45:38 +0000] "GET /css/bootstrap.min.css HTTP/1.1" 304 - "http://localhost:1337/command?" "Mozilla/5.0 (Windows NT 6.1) AppleWebKit/537.36 (KHTML, like Gecko) Chrome/35.0.1916.114 Safari/537.36"
::1 - - [21/Jul/2015:09:45:38 +0000] "GET /js/jquery.js HTTP/1.1" 304 - "http://localhost:1337/command?" "Mozilla/5.0 (Windows NT 6.1) AppleWebKit/537.36 (KHTML, like Gecko) Chrome/35.0.1916.114 Safari/537.36"
::1 - - [21/Jul/2015:09:45:38 +0000] "GET /js/bootstrap.min.js HTTP/1.1" 304 - "http://localhost:1337/command?" "Mozilla/5.0 (Windows NT 6.1) AppleWebKit/537.36 (KHTML, like Gecko) Chrome/35.0.1916.114 Safari/537.36"
::1 - - [22/Jul/2015:00:10:36 +0000] "GET /favicon.ico HTTP/1.1" 404 24 "-" "Mozilla/5.0 (Windows NT 6.1) AppleWebKit/537.36 (KHTML, like Gecko) Chrome/35.0.1916.114 Safari/537.36"
::1 - - [22/Jul/2015:00:10:58 +0000] "GET /css/bootstrap.min.css HTTP/1.1" 304 - "http://localhost:1337/command" "Mozilla/5.0 (Windows NT 6.1) AppleWebKit/537.36 (KHTML, like Gecko) Chrome/35.0.1916.114 Safari/537.36"
::1 - - [22/Jul/2015:00:10:58 +0000] "GET /js/jquery.js HTTP/1.1" 304 - "http://localhost:1337/command" "Mozilla/5.0 (Windows NT 6.1) AppleWebKit/537.36 (KHTML, like Gecko) Chrome/35.0.1916.114 Safari/537.36"
::1 - - [22/Jul/2015:00:10:58 +0000] "GET /js/bootstrap.min.js HTTP/1.1" 304 - "http://localhost:1337/command" "Mozilla/5.0 (Windows NT 6.1) AppleWebKit/537.36 (KHTML, like Gecko) Chrome/35.0.1916.114 Safari/537.36"
::1 - - [22/Jul/2015:00:11:57 +0000] "GET /css/bootstrap.min.css HTTP/1.1" 304 - "http://localhost:1337/command?" "Mozilla/5.0 (Windows NT 6.1) AppleWebKit/537.36 (KHTML, like Gecko) Chrome/35.0.1916.114 Safari/537.36"
::1 - - [22/Jul/2015:00:11:57 +0000] "GET /js/jquery.js HTTP/1.1" 304 - "http://localhost:1337/command?" "Mozilla/5.0 (Windows NT 6.1) AppleWebKit/537.36 (KHTML, like Gecko) Chrome/35.0.1916.114 Safari/537.36"
::1 - - [22/Jul/2015:00:11:57 +0000] "GET /js/bootstrap.min.js HTTP/1.1" 304 - "http://localhost:1337/command?" "Mozilla/5.0 (Windows NT 6.1) AppleWebKit/537.36 (KHTML, like Gecko) Chrome/35.0.1916.114 Safari/537.36"
::1 - - [22/Jul/2015:00:12:05 +0000] "GET /css/bootstrap.min.css HTTP/1.1" 304 - "http://localhost:1337/command?" "Mozilla/5.0 (Windows NT 6.1) AppleWebKit/537.36 (KHTML, like Gecko) Chrome/35.0.1916.114 Safari/537.36"
::1 - - [22/Jul/2015:00:12:05 +0000] "GET /js/jquery.js HTTP/1.1" 304 - "http://localhost:1337/command?" "Mozilla/5.0 (Windows NT 6.1) AppleWebKit/537.36 (KHTML, like Gecko) Chrome/35.0.1916.114 Safari/537.36"
::1 - - [22/Jul/2015:00:12:05 +0000] "GET /js/bootstrap.min.js HTTP/1.1" 304 - "http://localhost:1337/command?" "Mozilla/5.0 (Windows NT 6.1) AppleWebKit/537.36 (KHTML, like Gecko) Chrome/35.0.1916.114 Safari/537.36"
::1 - - [22/Jul/2015:00:17:19 +0000] "GET / HTTP/1.1" 404 13 "-" "Mozilla/5.0 (Windows NT 6.1) AppleWebKit/537.36 (KHTML, like Gecko) Chrome/35.0.1916.153 Safari/537.36 SE 2.X MetaSr 1.0"
::1 - - [22/Jul/2015:03:51:22 +0000] "GET /favicon.ico HTTP/1.1" 404 24 "-" "Mozilla/5.0 (Windows NT 6.1) AppleWebKit/537.36 (KHTML, like Gecko) Chrome/35.0.1916.114 Safari/537.36"
::1 - - [22/Jul/2015:03:51:59 +0000] "GET /favicon.ico HTTP/1.1" 404 24 "-" "Mozilla/5.0 (Windows NT 6.1) AppleWebKit/537.36 (KHTML, like Gecko) Chrome/35.0.1916.114 Safari/537.36"
